<?xml version="1.0" encoding="UTF-8"?>
<testsuite xmlns:xsi="http://www.w3.org/2001/XMLSchema-instance" xsi:noNamespaceSchemaLocation="https://maven.apache.org/surefire/maven-surefire-plugin/xsd/surefire-test-report.xsd" name="ApiCreateCourierTest" time="4.035" tests="8" errors="0" skipped="0" failures="0">
  <properties>
    <property name="java.specification.version" value="17"/>
    <property name="sun.jnu.encoding" value="UTF-8"/>
    <property name="java.class.path" value="/Users/almatt/Desktop/finals/Sprint_7/target/test-classes:/Users/almatt/Desktop/finals/Sprint_7/target/classes:/Users/almatt/.m2/repository/io/rest-assured/rest-assured/5.0.0/rest-assured-5.0.0.jar:/Users/almatt/.m2/repository/org/apache/groovy/groovy/4.0.1/groovy-4.0.1.jar:/Users/almatt/.m2/repository/org/apache/groovy/groovy-xml/4.0.1/groovy-xml-4.0.1.jar:/Users/almatt/.m2/repository/org/apache/httpcomponents/httpclient/4.5.13/httpclient-4.5.13.jar:/Users/almatt/.m2/repository/org/apache/httpcomponents/httpcore/4.4.13/httpcore-4.4.13.jar:/Users/almatt/.m2/repository/commons-logging/commons-logging/1.2/commons-logging-1.2.jar:/Users/almatt/.m2/repository/commons-codec/commons-codec/1.11/commons-codec-1.11.jar:/Users/almatt/.m2/repository/org/apache/httpcomponents/httpmime/4.5.13/httpmime-4.5.13.jar:/Users/almatt/.m2/repository/org/hamcrest/hamcrest/2.1/hamcrest-2.1.jar:/Users/almatt/.m2/repository/org/ccil/cowan/tagsoup/tagsoup/1.2.1/tagsoup-1.2.1.jar:/Users/almatt/.m2/repository/io/rest-assured/json-path/5.0.0/json-path-5.0.0.jar:/Users/almatt/.m2/repository/org/apache/groovy/groovy-json/4.0.1/groovy-json-4.0.1.jar:/Users/almatt/.m2/repository/io/rest-assured/rest-assured-common/5.0.0/rest-assured-common-5.0.0.jar:/Users/almatt/.m2/repository/io/rest-assured/xml-path/5.0.0/xml-path-5.0.0.jar:/Users/almatt/.m2/repository/org/apache/commons/commons-lang3/3.11/commons-lang3-3.11.jar:/Users/almatt/.m2/repository/junit/junit/4.13.2/junit-4.13.2.jar:/Users/almatt/.m2/repository/org/hamcrest/hamcrest-core/1.3/hamcrest-core-1.3.jar:/Users/almatt/.m2/repository/io/qameta/allure/allure-junit4/2.15.0/allure-junit4-2.15.0.jar:/Users/almatt/.m2/repository/io/qameta/allure/allure-java-commons/2.15.0/allure-java-commons-2.15.0.jar:/Users/almatt/.m2/repository/org/slf4j/slf4j-api/1.7.30/slf4j-api-1.7.30.jar:/Users/almatt/.m2/repository/io/qameta/allure/allure-model/2.15.0/allure-model-2.15.0.jar:/Users/almatt/.m2/repository/io/qameta/allure/allure-rest-assured/2.15.0/allure-rest-assured-2.15.0.jar:/Users/almatt/.m2/repository/io/qameta/allure/allure-attachments/2.15.0/allure-attachments-2.15.0.jar:/Users/almatt/.m2/repository/org/freemarker/freemarker/2.3.31/freemarker-2.3.31.jar:/Users/almatt/.m2/repository/com/google/code/gson/gson/2.8.6/gson-2.8.6.jar:"/>
    <property name="java.vm.vendor" value="Homebrew"/>
    <property name="sun.arch.data.model" value="64"/>
    <property name="java.vendor.url" value="https://github.com/Homebrew/homebrew-core/issues"/>
    <property name="os.name" value="Mac OS X"/>
    <property name="java.vm.specification.version" value="17"/>
    <property name="sun.java.launcher" value="SUN_STANDARD"/>
    <property name="user.country" value="KZ"/>
    <property name="sun.boot.library.path" value="/opt/homebrew/Cellar/openjdk/16.0.1/libexec/openjdk.jdk/Contents/Home/lib"/>
    <property name="sun.java.command" value="/Users/almatt/Desktop/finals/Sprint_7/target/surefire/surefirebooter1671440403556841807.jar /Users/almatt/Desktop/finals/Sprint_7/target/surefire 2024-03-14T15-31-51_568-jvmRun1 surefire12775037184374474605tmp surefire_05370253872697647351tmp"/>
    <property name="http.nonProxyHosts" value="local|*.local|169.254/16|*.169.254/16"/>
    <property name="jdk.debug" value="release"/>
    <property name="surefire.test.class.path" value="/Users/almatt/Desktop/finals/Sprint_7/target/test-classes:/Users/almatt/Desktop/finals/Sprint_7/target/classes:/Users/almatt/.m2/repository/io/rest-assured/rest-assured/5.0.0/rest-assured-5.0.0.jar:/Users/almatt/.m2/repository/org/apache/groovy/groovy/4.0.1/groovy-4.0.1.jar:/Users/almatt/.m2/repository/org/apache/groovy/groovy-xml/4.0.1/groovy-xml-4.0.1.jar:/Users/almatt/.m2/repository/org/apache/httpcomponents/httpclient/4.5.13/httpclient-4.5.13.jar:/Users/almatt/.m2/repository/org/apache/httpcomponents/httpcore/4.4.13/httpcore-4.4.13.jar:/Users/almatt/.m2/repository/commons-logging/commons-logging/1.2/commons-logging-1.2.jar:/Users/almatt/.m2/repository/commons-codec/commons-codec/1.11/commons-codec-1.11.jar:/Users/almatt/.m2/repository/org/apache/httpcomponents/httpmime/4.5.13/httpmime-4.5.13.jar:/Users/almatt/.m2/repository/org/hamcrest/hamcrest/2.1/hamcrest-2.1.jar:/Users/almatt/.m2/repository/org/ccil/cowan/tagsoup/tagsoup/1.2.1/tagsoup-1.2.1.jar:/Users/almatt/.m2/repository/io/rest-assured/json-path/5.0.0/json-path-5.0.0.jar:/Users/almatt/.m2/repository/org/apache/groovy/groovy-json/4.0.1/groovy-json-4.0.1.jar:/Users/almatt/.m2/repository/io/rest-assured/rest-assured-common/5.0.0/rest-assured-common-5.0.0.jar:/Users/almatt/.m2/repository/io/rest-assured/xml-path/5.0.0/xml-path-5.0.0.jar:/Users/almatt/.m2/repository/org/apache/commons/commons-lang3/3.11/commons-lang3-3.11.jar:/Users/almatt/.m2/repository/junit/junit/4.13.2/junit-4.13.2.jar:/Users/almatt/.m2/repository/org/hamcrest/hamcrest-core/1.3/hamcrest-core-1.3.jar:/Users/almatt/.m2/repository/io/qameta/allure/allure-junit4/2.15.0/allure-junit4-2.15.0.jar:/Users/almatt/.m2/repository/io/qameta/allure/allure-java-commons/2.15.0/allure-java-commons-2.15.0.jar:/Users/almatt/.m2/repository/org/slf4j/slf4j-api/1.7.30/slf4j-api-1.7.30.jar:/Users/almatt/.m2/repository/io/qameta/allure/allure-model/2.15.0/allure-model-2.15.0.jar:/Users/almatt/.m2/repository/io/qameta/allure/allure-rest-assured/2.15.0/allure-rest-assured-2.15.0.jar:/Users/almatt/.m2/repository/io/qameta/allure/allure-attachments/2.15.0/allure-attachments-2.15.0.jar:/Users/almatt/.m2/repository/org/freemarker/freemarker/2.3.31/freemarker-2.3.31.jar:/Users/almatt/.m2/repository/com/google/code/gson/gson/2.8.6/gson-2.8.6.jar:"/>
    <property name="allure.results.directory" value="/Users/almatt/Desktop/finals/Sprint_7/target/allure-results"/>
    <property name="sun.cpu.endian" value="little"/>
    <property name="user.home" value="/Users/almatt"/>
    <property name="user.language" value="ru"/>
    <property name="java.specification.vendor" value="Oracle Corporation"/>
    <property name="java.version.date" value="2021-09-14"/>
    <property name="java.home" value="/opt/homebrew/Cellar/openjdk/16.0.1/libexec/openjdk.jdk/Contents/Home"/>
    <property name="file.separator" value="/"/>
    <property name="basedir" value="/Users/almatt/Desktop/finals/Sprint_7"/>
    <property name="java.vm.compressedOopsMode" value="Zero based"/>
    <property name="line.separator" value="&#10;"/>
    <property name="java.vm.specification.vendor" value="Oracle Corporation"/>
    <property name="java.specification.name" value="Java Platform API Specification"/>
    <property name="surefire.real.class.path" value="/Users/almatt/Desktop/finals/Sprint_7/target/surefire/surefirebooter1671440403556841807.jar"/>
    <property name="sun.management.compiler" value="HotSpot 64-Bit Tiered Compilers"/>
    <property name="ftp.nonProxyHosts" value="local|*.local|169.254/16|*.169.254/16"/>
    <property name="java.runtime.version" value="17+0"/>
    <property name="user.name" value="almatt"/>
    <property name="path.separator" value=":"/>
    <property name="os.version" value="14.2.1"/>
    <property name="java.runtime.name" value="OpenJDK Runtime Environment"/>
    <property name="file.encoding" value="UTF-8"/>
    <property name="java.vm.name" value="OpenJDK 64-Bit Server VM"/>
    <property name="java.vendor.version" value="Homebrew"/>
    <property name="localRepository" value="/Users/almatt/.m2/repository"/>
    <property name="java.vendor.url.bug" value="https://github.com/Homebrew/homebrew-core/issues"/>
    <property name="java.io.tmpdir" value="/var/folders/pq/j9sdqbx95n77_6v89bwxckvh0000gn/T/"/>
    <property name="java.version" value="17"/>
    <property name="user.dir" value="/Users/almatt/Desktop/finals/Sprint_7"/>
    <property name="os.arch" value="aarch64"/>
    <property name="java.vm.specification.name" value="Java Virtual Machine Specification"/>
    <property name="native.encoding" value="UTF-8"/>
    <property name="java.library.path" value="/Users/almatt/Library/Java/Extensions:/Library/Java/Extensions:/Network/Library/Java/Extensions:/System/Library/Java/Extensions:/usr/lib/java:."/>
    <property name="java.vm.info" value="mixed mode"/>
    <property name="java.vendor" value="Homebrew"/>
    <property name="java.vm.version" value="17+0"/>
    <property name="sun.io.unicode.encoding" value="UnicodeBig"/>
    <property name="socksNonProxyHosts" value="local|*.local|169.254/16|*.169.254/16"/>
    <property name="java.class.version" value="61.0"/>
  </properties>
  <testcase name="createCourierTestWithoutDataRespondsErrorText" classname="ApiCreateCourierTest" time="1.572"/>
  <testcase name="createCourierTestWithExistLogin" classname="ApiCreateCourierTest" time="0.378"/>
  <testcase name="createCourierTestWithoutLogin" classname="ApiCreateCourierTest" time="0.28"/>
  <testcase name="createCourierSuccessTestWCode" classname="ApiCreateCourierTest" time="0.337"/>
  <testcase name="createCourierSuccessTestWMessage" classname="ApiCreateCourierTest" time="0.393"/>
  <testcase name="createCourierSuccessTest" classname="ApiCreateCourierTest" time="0.283"/>
  <testcase name="createExistCourierTest" classname="ApiCreateCourierTest" time="0.49"/>
  <testcase name="createCourierTestWithoutPassword" classname="ApiCreateCourierTest" time="0.244"/>
</testsuite>